2025-07-27T16:42:47.209+05:30  INFO 15908 --- [backend-server] [main] com.sb.main.BackendServerApplication     : Starting BackendServerApplication using Java 21.0.4 with PID 15908 (C:\Users\new\Downloads\ecomm-app\backend-server\target\classes started by new in C:\Users\new\Downloads\ecomm-app\backend-server)
2025-07-27T16:42:47.211+05:30  INFO 15908 --- [backend-server] [main] com.sb.main.BackendServerApplication     : No active profile set, falling back to 1 default profile: "default"
2025-07-27T16:42:48.282+05:30  INFO 15908 --- [backend-server] [main] .s.d.r.c.RepositoryConfigurationDelegate : Bootstrapping Spring Data JPA repositories in DEFAULT mode.
2025-07-27T16:42:48.391+05:30  INFO 15908 --- [backend-server] [main] .s.d.r.c.RepositoryConfigurationDelegate : Finished Spring Data repository scanning in 93 ms. Found 8 JPA repository interfaces.
2025-07-27T16:42:49.218+05:30  INFO 15908 --- [backend-server] [main] o.s.b.w.embedded.tomcat.TomcatWebServer  : Tomcat initialized with port 8080 (http)
2025-07-27T16:42:49.235+05:30  INFO 15908 --- [backend-server] [main] o.apache.catalina.core.StandardService   : Starting service [Tomcat]
2025-07-27T16:42:49.236+05:30  INFO 15908 --- [backend-server] [main] o.apache.catalina.core.StandardEngine    : Starting Servlet engine: [Apache Tomcat/10.1.43]
2025-07-27T16:42:49.304+05:30  INFO 15908 --- [backend-server] [main] o.a.c.c.C.[Tomcat].[localhost].[/]       : Initializing Spring embedded WebApplicationContext
2025-07-27T16:42:49.305+05:30  INFO 15908 --- [backend-server] [main] w.s.c.ServletWebServerApplicationContext : Root WebApplicationContext: initialization completed in 2045 ms
2025-07-27T16:42:49.579+05:30  INFO 15908 --- [backend-server] [main] o.hibernate.jpa.internal.util.LogHelper  : HHH000204: Processing PersistenceUnitInfo [name: default]
2025-07-27T16:42:49.651+05:30  INFO 15908 --- [backend-server] [main] org.hibernate.Version                    : HHH000412: Hibernate ORM core version 6.6.22.Final
2025-07-27T16:42:49.697+05:30  INFO 15908 --- [backend-server] [main] o.h.c.internal.RegionFactoryInitiator    : HHH000026: Second-level cache disabled
2025-07-27T16:42:50.078+05:30  INFO 15908 --- [backend-server] [main] o.s.o.j.p.SpringPersistenceUnitInfo      : No LoadTimeWeaver setup: ignoring JPA class transformer
2025-07-27T16:42:50.124+05:30  INFO 15908 --- [backend-server] [main] com.zaxxer.hikari.HikariDataSource       : HikariPool-1 - Starting...
2025-07-27T16:42:50.567+05:30  INFO 15908 --- [backend-server] [main] com.zaxxer.hikari.pool.HikariPool        : HikariPool-1 - Added connection com.mysql.cj.jdbc.ConnectionImpl@6e090aaa
2025-07-27T16:42:50.570+05:30  INFO 15908 --- [backend-server] [main] com.zaxxer.hikari.HikariDataSource       : HikariPool-1 - Start completed.
2025-07-27T16:42:50.634+05:30  WARN 15908 --- [backend-server] [main] org.hibernate.orm.deprecation            : HHH90000025: MySQLDialect does not need to be specified explicitly using 'hibernate.dialect' (remove the property setting and it will be selected by default)
2025-07-27T16:42:50.653+05:30  INFO 15908 --- [backend-server] [main] org.hibernate.orm.connections.pooling    : HHH10001005: Database info:
	Database JDBC URL [Connecting through datasource 'HikariDataSource (HikariPool-1)']
	Database driver: undefined/unknown
	Database version: 8.0.33
	Autocommit mode: undefined/unknown
	Isolation level: undefined/unknown
	Minimum pool size: undefined/unknown
	Maximum pool size: undefined/unknown
2025-07-27T16:42:51.743+05:30  INFO 15908 --- [backend-server] [main] o.h.e.t.j.p.i.JtaPlatformInitiator       : HHH000489: No JTA platform available (set 'hibernate.transaction.jta.platform' to enable JTA platform integration)
2025-07-27T16:42:52.953+05:30  INFO 15908 --- [backend-server] [main] j.LocalContainerEntityManagerFactoryBean : Initialized JPA EntityManagerFactory for persistence unit 'default'
2025-07-27T16:42:53.323+05:30  INFO 15908 --- [backend-server] [main] o.s.d.j.r.query.QueryEnhancerFactory     : Hibernate is in classpath; If applicable, HQL parser will be used.
2025-07-27T16:42:54.261+05:30  WARN 15908 --- [backend-server] [main] JpaBaseConfiguration$JpaWebConfiguration : spring.jpa.open-in-view is enabled by default. Therefore, database queries may be performed during view rendering. Explicitly configure spring.jpa.open-in-view to disable this warning
2025-07-27T16:42:54.917+05:30  INFO 15908 --- [backend-server] [main] o.s.b.w.embedded.tomcat.TomcatWebServer  : Tomcat started on port 8080 (http) with context path '/'
2025-07-27T16:42:54.929+05:30  INFO 15908 --- [backend-server] [main] com.sb.main.BackendServerApplication     : Started BackendServerApplication in 8.32 seconds (process running for 8.857)
2025-07-27T16:43:11.319+05:30  INFO 15908 --- [backend-server] [http-nio-8080-exec-1] o.a.c.c.C.[Tomcat].[localhost].[/]       : Initializing Spring DispatcherServlet 'dispatcherServlet'
2025-07-27T16:43:11.320+05:30  INFO 15908 --- [backend-server] [http-nio-8080-exec-1] o.s.web.servlet.DispatcherServlet        : Initializing Servlet 'dispatcherServlet'
2025-07-27T16:43:11.324+05:30  INFO 15908 --- [backend-server] [http-nio-8080-exec-1] o.s.web.servlet.DispatcherServlet        : Completed initialization in 3 ms
2025-07-27T16:46:42.900+05:30  INFO 15908 --- [backend-server] [SpringApplicationShutdownHook] o.s.b.w.e.tomcat.GracefulShutdown        : Commencing graceful shutdown. Waiting for active requests to complete
2025-07-27T16:46:43.013+05:30  INFO 15908 --- [backend-server] [tomcat-shutdown] o.s.b.w.e.tomcat.GracefulShutdown        : Graceful shutdown complete
2025-07-27T16:46:43.244+05:30  INFO 15908 --- [backend-server] [SpringApplicationShutdownHook] j.LocalContainerEntityManagerFactoryBean : Closing JPA EntityManagerFactory for persistence unit 'default'
2025-07-27T16:46:43.445+05:30  INFO 15908 --- [backend-server] [SpringApplicationShutdownHook] com.zaxxer.hikari.HikariDataSource       : HikariPool-1 - Shutdown initiated...
2025-07-27T16:46:43.626+05:30  INFO 15908 --- [backend-server] [SpringApplicationShutdownHook] com.zaxxer.hikari.HikariDataSource       : HikariPool-1 - Shutdown completed.
2025-07-27T16:46:59.164+05:30  INFO 21132 --- [backend-server] [main] com.sb.main.BackendServerApplication     : Starting BackendServerApplication using Java 21.0.4 with PID 21132 (C:\Users\new\Downloads\ecomm-app\backend-server\target\classes started by new in C:\Users\new\Downloads\ecomm-app\backend-server)
2025-07-27T16:46:59.167+05:30  INFO 21132 --- [backend-server] [main] com.sb.main.BackendServerApplication     : No active profile set, falling back to 1 default profile: "default"
2025-07-27T16:47:00.294+05:30  INFO 21132 --- [backend-server] [main] .s.d.r.c.RepositoryConfigurationDelegate : Bootstrapping Spring Data JPA repositories in DEFAULT mode.
2025-07-27T16:47:00.396+05:30  INFO 21132 --- [backend-server] [main] .s.d.r.c.RepositoryConfigurationDelegate : Finished Spring Data repository scanning in 90 ms. Found 8 JPA repository interfaces.
2025-07-27T16:47:01.269+05:30  INFO 21132 --- [backend-server] [main] o.s.b.w.embedded.tomcat.TomcatWebServer  : Tomcat initialized with port 8080 (http)
2025-07-27T16:47:01.286+05:30  INFO 21132 --- [backend-server] [main] o.apache.catalina.core.StandardService   : Starting service [Tomcat]
2025-07-27T16:47:01.287+05:30  INFO 21132 --- [backend-server] [main] o.apache.catalina.core.StandardEngine    : Starting Servlet engine: [Apache Tomcat/10.1.43]
2025-07-27T16:47:01.358+05:30  INFO 21132 --- [backend-server] [main] o.a.c.c.C.[Tomcat].[localhost].[/]       : Initializing Spring embedded WebApplicationContext
2025-07-27T16:47:01.358+05:30  INFO 21132 --- [backend-server] [main] w.s.c.ServletWebServerApplicationContext : Root WebApplicationContext: initialization completed in 2135 ms
2025-07-27T16:47:01.607+05:30  INFO 21132 --- [backend-server] [main] o.hibernate.jpa.internal.util.LogHelper  : HHH000204: Processing PersistenceUnitInfo [name: default]
2025-07-27T16:47:01.707+05:30  INFO 21132 --- [backend-server] [main] org.hibernate.Version                    : HHH000412: Hibernate ORM core version 6.6.22.Final
2025-07-27T16:47:01.769+05:30  INFO 21132 --- [backend-server] [main] o.h.c.internal.RegionFactoryInitiator    : HHH000026: Second-level cache disabled
2025-07-27T16:47:02.190+05:30  INFO 21132 --- [backend-server] [main] o.s.o.j.p.SpringPersistenceUnitInfo      : No LoadTimeWeaver setup: ignoring JPA class transformer
2025-07-27T16:47:02.243+05:30  INFO 21132 --- [backend-server] [main] com.zaxxer.hikari.HikariDataSource       : HikariPool-1 - Starting...
2025-07-27T16:47:02.745+05:30  INFO 21132 --- [backend-server] [main] com.zaxxer.hikari.pool.HikariPool        : HikariPool-1 - Added connection com.mysql.cj.jdbc.ConnectionImpl@45fb2354
2025-07-27T16:47:02.747+05:30  INFO 21132 --- [backend-server] [main] com.zaxxer.hikari.HikariDataSource       : HikariPool-1 - Start completed.
2025-07-27T16:47:02.810+05:30  WARN 21132 --- [backend-server] [main] org.hibernate.orm.deprecation            : HHH90000025: MySQLDialect does not need to be specified explicitly using 'hibernate.dialect' (remove the property setting and it will be selected by default)
2025-07-27T16:47:02.830+05:30  INFO 21132 --- [backend-server] [main] org.hibernate.orm.connections.pooling    : HHH10001005: Database info:
	Database JDBC URL [Connecting through datasource 'HikariDataSource (HikariPool-1)']
	Database driver: undefined/unknown
	Database version: 8.0.33
	Autocommit mode: undefined/unknown
	Isolation level: undefined/unknown
	Minimum pool size: undefined/unknown
	Maximum pool size: undefined/unknown
2025-07-27T16:47:04.001+05:30  INFO 21132 --- [backend-server] [main] o.h.e.t.j.p.i.JtaPlatformInitiator       : HHH000489: No JTA platform available (set 'hibernate.transaction.jta.platform' to enable JTA platform integration)
2025-07-27T16:47:04.183+05:30  INFO 21132 --- [backend-server] [main] j.LocalContainerEntityManagerFactoryBean : Initialized JPA EntityManagerFactory for persistence unit 'default'
2025-07-27T16:47:04.547+05:30  INFO 21132 --- [backend-server] [main] o.s.d.j.r.query.QueryEnhancerFactory     : Hibernate is in classpath; If applicable, HQL parser will be used.
2025-07-27T16:47:05.535+05:30  WARN 21132 --- [backend-server] [main] JpaBaseConfiguration$JpaWebConfiguration : spring.jpa.open-in-view is enabled by default. Therefore, database queries may be performed during view rendering. Explicitly configure spring.jpa.open-in-view to disable this warning
2025-07-27T16:47:06.431+05:30  INFO 21132 --- [backend-server] [main] o.s.b.w.embedded.tomcat.TomcatWebServer  : Tomcat started on port 8080 (http) with context path '/'
2025-07-27T16:47:06.452+05:30  INFO 21132 --- [backend-server] [main] com.sb.main.BackendServerApplication     : Started BackendServerApplication in 8.024 seconds (process running for 8.648)
2025-07-27T16:48:21.607+05:30  INFO 21132 --- [backend-server] [http-nio-8080-exec-1] o.a.c.c.C.[Tomcat].[localhost].[/]       : Initializing Spring DispatcherServlet 'dispatcherServlet'
2025-07-27T16:48:21.608+05:30  INFO 21132 --- [backend-server] [http-nio-8080-exec-1] o.s.web.servlet.DispatcherServlet        : Initializing Servlet 'dispatcherServlet'
2025-07-27T16:48:21.611+05:30  INFO 21132 --- [backend-server] [http-nio-8080-exec-1] o.s.web.servlet.DispatcherServlet        : Completed initialization in 2 ms
2025-07-27T16:49:36.106+05:30  INFO 21132 --- [backend-server] [SpringApplicationShutdownHook] o.s.b.w.e.tomcat.GracefulShutdown        : Commencing graceful shutdown. Waiting for active requests to complete
2025-07-27T16:49:36.132+05:30  INFO 21132 --- [backend-server] [tomcat-shutdown] o.s.b.w.e.tomcat.GracefulShutdown        : Graceful shutdown complete
2025-07-27T16:49:36.172+05:30  INFO 21132 --- [backend-server] [SpringApplicationShutdownHook] j.LocalContainerEntityManagerFactoryBean : Closing JPA EntityManagerFactory for persistence unit 'default'
2025-07-27T16:49:36.209+05:30  INFO 21132 --- [backend-server] [SpringApplicationShutdownHook] com.zaxxer.hikari.HikariDataSource       : HikariPool-1 - Shutdown initiated...
2025-07-27T16:49:36.256+05:30  INFO 21132 --- [backend-server] [SpringApplicationShutdownHook] com.zaxxer.hikari.HikariDataSource       : HikariPool-1 - Shutdown completed.
2025-07-27T16:49:48.703+05:30  INFO 13600 --- [backend-server] [main] com.sb.main.BackendServerApplication     : Starting BackendServerApplication using Java 21.0.4 with PID 13600 (C:\Users\new\Downloads\ecomm-app\backend-server\target\classes started by new in C:\Users\new\Downloads\ecomm-app\backend-server)
2025-07-27T16:49:48.706+05:30  INFO 13600 --- [backend-server] [main] com.sb.main.BackendServerApplication     : No active profile set, falling back to 1 default profile: "default"
2025-07-27T16:49:49.908+05:30  INFO 13600 --- [backend-server] [main] .s.d.r.c.RepositoryConfigurationDelegate : Bootstrapping Spring Data JPA repositories in DEFAULT mode.
2025-07-27T16:49:50.007+05:30  INFO 13600 --- [backend-server] [main] .s.d.r.c.RepositoryConfigurationDelegate : Finished Spring Data repository scanning in 88 ms. Found 8 JPA repository interfaces.
2025-07-27T16:49:50.884+05:30  INFO 13600 --- [backend-server] [main] o.s.b.w.embedded.tomcat.TomcatWebServer  : Tomcat initialized with port 8080 (http)
2025-07-27T16:49:50.904+05:30  INFO 13600 --- [backend-server] [main] o.apache.catalina.core.StandardService   : Starting service [Tomcat]
2025-07-27T16:49:50.905+05:30  INFO 13600 --- [backend-server] [main] o.apache.catalina.core.StandardEngine    : Starting Servlet engine: [Apache Tomcat/10.1.43]
2025-07-27T16:49:50.996+05:30  INFO 13600 --- [backend-server] [main] o.a.c.c.C.[Tomcat].[localhost].[/]       : Initializing Spring embedded WebApplicationContext
2025-07-27T16:49:50.997+05:30  INFO 13600 --- [backend-server] [main] w.s.c.ServletWebServerApplicationContext : Root WebApplicationContext: initialization completed in 2235 ms
2025-07-27T16:49:51.282+05:30  INFO 13600 --- [backend-server] [main] o.hibernate.jpa.internal.util.LogHelper  : HHH000204: Processing PersistenceUnitInfo [name: default]
2025-07-27T16:49:51.375+05:30  INFO 13600 --- [backend-server] [main] org.hibernate.Version                    : HHH000412: Hibernate ORM core version 6.6.22.Final
2025-07-27T16:49:51.416+05:30  INFO 13600 --- [backend-server] [main] o.h.c.internal.RegionFactoryInitiator    : HHH000026: Second-level cache disabled
2025-07-27T16:49:51.810+05:30  INFO 13600 --- [backend-server] [main] o.s.o.j.p.SpringPersistenceUnitInfo      : No LoadTimeWeaver setup: ignoring JPA class transformer
2025-07-27T16:49:51.854+05:30  INFO 13600 --- [backend-server] [main] com.zaxxer.hikari.HikariDataSource       : HikariPool-1 - Starting...
2025-07-27T16:49:52.364+05:30  INFO 13600 --- [backend-server] [main] com.zaxxer.hikari.pool.HikariPool        : HikariPool-1 - Added connection com.mysql.cj.jdbc.ConnectionImpl@1328f482
2025-07-27T16:49:52.367+05:30  INFO 13600 --- [backend-server] [main] com.zaxxer.hikari.HikariDataSource       : HikariPool-1 - Start completed.
2025-07-27T16:49:52.440+05:30  WARN 13600 --- [backend-server] [main] org.hibernate.orm.deprecation            : HHH90000025: MySQLDialect does not need to be specified explicitly using 'hibernate.dialect' (remove the property setting and it will be selected by default)
2025-07-27T16:49:52.465+05:30  INFO 13600 --- [backend-server] [main] org.hibernate.orm.connections.pooling    : HHH10001005: Database info:
	Database JDBC URL [Connecting through datasource 'HikariDataSource (HikariPool-1)']
	Database driver: undefined/unknown
	Database version: 8.0.33
	Autocommit mode: undefined/unknown
	Isolation level: undefined/unknown
	Minimum pool size: undefined/unknown
	Maximum pool size: undefined/unknown
2025-07-27T16:49:53.684+05:30  INFO 13600 --- [backend-server] [main] o.h.e.t.j.p.i.JtaPlatformInitiator       : HHH000489: No JTA platform available (set 'hibernate.transaction.jta.platform' to enable JTA platform integration)
2025-07-27T16:49:53.874+05:30  INFO 13600 --- [backend-server] [main] j.LocalContainerEntityManagerFactoryBean : Initialized JPA EntityManagerFactory for persistence unit 'default'
2025-07-27T16:49:54.266+05:30  INFO 13600 --- [backend-server] [main] o.s.d.j.r.query.QueryEnhancerFactory     : Hibernate is in classpath; If applicable, HQL parser will be used.
2025-07-27T16:49:55.267+05:30  WARN 13600 --- [backend-server] [main] JpaBaseConfiguration$JpaWebConfiguration : spring.jpa.open-in-view is enabled by default. Therefore, database queries may be performed during view rendering. Explicitly configure spring.jpa.open-in-view to disable this warning
2025-07-27T16:49:56.026+05:30  INFO 13600 --- [backend-server] [main] o.s.b.w.embedded.tomcat.TomcatWebServer  : Tomcat started on port 8080 (http) with context path '/'
2025-07-27T16:49:56.037+05:30  INFO 13600 --- [backend-server] [main] com.sb.main.BackendServerApplication     : Started BackendServerApplication in 7.958 seconds (process running for 8.65)
2025-07-27T16:49:59.655+05:30  INFO 13600 --- [backend-server] [http-nio-8080-exec-1] o.a.c.c.C.[Tomcat].[localhost].[/]       : Initializing Spring DispatcherServlet 'dispatcherServlet'
2025-07-27T16:49:59.655+05:30  INFO 13600 --- [backend-server] [http-nio-8080-exec-1] o.s.web.servlet.DispatcherServlet        : Initializing Servlet 'dispatcherServlet'
2025-07-27T16:49:59.658+05:30  INFO 13600 --- [backend-server] [http-nio-8080-exec-1] o.s.web.servlet.DispatcherServlet        : Completed initialization in 2 ms
2025-07-27T16:50:46.095+05:30  INFO 13600 --- [backend-server] [SpringApplicationShutdownHook] o.s.b.w.e.tomcat.GracefulShutdown        : Commencing graceful shutdown. Waiting for active requests to complete
2025-07-27T16:50:46.107+05:30  INFO 13600 --- [backend-server] [tomcat-shutdown] o.s.b.w.e.tomcat.GracefulShutdown        : Graceful shutdown complete
2025-07-27T16:50:46.113+05:30  INFO 13600 --- [backend-server] [SpringApplicationShutdownHook] j.LocalContainerEntityManagerFactoryBean : Closing JPA EntityManagerFactory for persistence unit 'default'
2025-07-27T16:50:46.119+05:30  INFO 13600 --- [backend-server] [SpringApplicationShutdownHook] com.zaxxer.hikari.HikariDataSource       : HikariPool-1 - Shutdown initiated...
2025-07-27T16:50:46.138+05:30  INFO 13600 --- [backend-server] [SpringApplicationShutdownHook] com.zaxxer.hikari.HikariDataSource       : HikariPool-1 - Shutdown completed.
2025-07-27T16:51:40.446+05:30  INFO 19860 --- [backend-server] [main] com.sb.main.BackendServerApplication     : Starting BackendServerApplication using Java 21.0.4 with PID 19860 (C:\Users\new\Downloads\ecomm-app\backend-server\target\classes started by new in C:\Users\new\Downloads\ecomm-app\backend-server)
2025-07-27T16:51:40.450+05:30  INFO 19860 --- [backend-server] [main] com.sb.main.BackendServerApplication     : No active profile set, falling back to 1 default profile: "default"
2025-07-27T16:51:41.582+05:30  INFO 19860 --- [backend-server] [main] .s.d.r.c.RepositoryConfigurationDelegate : Bootstrapping Spring Data JPA repositories in DEFAULT mode.
2025-07-27T16:51:41.692+05:30  INFO 19860 --- [backend-server] [main] .s.d.r.c.RepositoryConfigurationDelegate : Finished Spring Data repository scanning in 97 ms. Found 8 JPA repository interfaces.
2025-07-27T16:51:42.524+05:30  INFO 19860 --- [backend-server] [main] o.s.b.w.embedded.tomcat.TomcatWebServer  : Tomcat initialized with port 8080 (http)
2025-07-27T16:51:42.542+05:30  INFO 19860 --- [backend-server] [main] o.apache.catalina.core.StandardService   : Starting service [Tomcat]
2025-07-27T16:51:42.543+05:30  INFO 19860 --- [backend-server] [main] o.apache.catalina.core.StandardEngine    : Starting Servlet engine: [Apache Tomcat/10.1.43]
2025-07-27T16:51:42.605+05:30  INFO 19860 --- [backend-server] [main] o.a.c.c.C.[Tomcat].[localhost].[/]       : Initializing Spring embedded WebApplicationContext
2025-07-27T16:51:42.606+05:30  INFO 19860 --- [backend-server] [main] w.s.c.ServletWebServerApplicationContext : Root WebApplicationContext: initialization completed in 2107 ms
2025-07-27T16:51:42.840+05:30  INFO 19860 --- [backend-server] [main] o.hibernate.jpa.internal.util.LogHelper  : HHH000204: Processing PersistenceUnitInfo [name: default]
2025-07-27T16:51:42.914+05:30  INFO 19860 --- [backend-server] [main] org.hibernate.Version                    : HHH000412: Hibernate ORM core version 6.6.22.Final
2025-07-27T16:51:42.969+05:30  INFO 19860 --- [backend-server] [main] o.h.c.internal.RegionFactoryInitiator    : HHH000026: Second-level cache disabled
2025-07-27T16:51:43.354+05:30  INFO 19860 --- [backend-server] [main] o.s.o.j.p.SpringPersistenceUnitInfo      : No LoadTimeWeaver setup: ignoring JPA class transformer
2025-07-27T16:51:43.394+05:30  INFO 19860 --- [backend-server] [main] com.zaxxer.hikari.HikariDataSource       : HikariPool-1 - Starting...
2025-07-27T16:51:43.868+05:30  INFO 19860 --- [backend-server] [main] com.zaxxer.hikari.pool.HikariPool        : HikariPool-1 - Added connection com.mysql.cj.jdbc.ConnectionImpl@30c8c6ab
2025-07-27T16:51:43.870+05:30  INFO 19860 --- [backend-server] [main] com.zaxxer.hikari.HikariDataSource       : HikariPool-1 - Start completed.
2025-07-27T16:51:43.938+05:30  WARN 19860 --- [backend-server] [main] org.hibernate.orm.deprecation            : HHH90000025: MySQLDialect does not need to be specified explicitly using 'hibernate.dialect' (remove the property setting and it will be selected by default)
2025-07-27T16:51:43.959+05:30  INFO 19860 --- [backend-server] [main] org.hibernate.orm.connections.pooling    : HHH10001005: Database info:
	Database JDBC URL [Connecting through datasource 'HikariDataSource (HikariPool-1)']
	Database driver: undefined/unknown
	Database version: 8.0.33
	Autocommit mode: undefined/unknown
	Isolation level: undefined/unknown
	Minimum pool size: undefined/unknown
	Maximum pool size: undefined/unknown
2025-07-27T16:51:45.077+05:30  INFO 19860 --- [backend-server] [main] o.h.e.t.j.p.i.JtaPlatformInitiator       : HHH000489: No JTA platform available (set 'hibernate.transaction.jta.platform' to enable JTA platform integration)
2025-07-27T16:51:45.214+05:30  INFO 19860 --- [backend-server] [main] j.LocalContainerEntityManagerFactoryBean : Initialized JPA EntityManagerFactory for persistence unit 'default'
2025-07-27T16:51:45.558+05:30  INFO 19860 --- [backend-server] [main] o.s.d.j.r.query.QueryEnhancerFactory     : Hibernate is in classpath; If applicable, HQL parser will be used.
2025-07-27T16:51:46.584+05:30  WARN 19860 --- [backend-server] [main] JpaBaseConfiguration$JpaWebConfiguration : spring.jpa.open-in-view is enabled by default. Therefore, database queries may be performed during view rendering. Explicitly configure spring.jpa.open-in-view to disable this warning
2025-07-27T16:51:47.325+05:30  INFO 19860 --- [backend-server] [main] o.s.b.w.embedded.tomcat.TomcatWebServer  : Tomcat started on port 8080 (http) with context path '/'
2025-07-27T16:51:47.333+05:30  INFO 19860 --- [backend-server] [main] com.sb.main.BackendServerApplication     : Started BackendServerApplication in 7.514 seconds (process running for 8.018)
2025-07-27T16:52:02.268+05:30  INFO 19860 --- [backend-server] [http-nio-8080-exec-1] o.a.c.c.C.[Tomcat].[localhost].[/]       : Initializing Spring DispatcherServlet 'dispatcherServlet'
2025-07-27T16:52:02.268+05:30  INFO 19860 --- [backend-server] [http-nio-8080-exec-1] o.s.web.servlet.DispatcherServlet        : Initializing Servlet 'dispatcherServlet'
2025-07-27T16:52:02.270+05:30  INFO 19860 --- [backend-server] [http-nio-8080-exec-1] o.s.web.servlet.DispatcherServlet        : Completed initialization in 2 ms
2025-07-27T16:52:34.345+05:30  INFO 19860 --- [backend-server] [http-nio-8080-exec-7] o.springdoc.api.AbstractOpenApiResource  : Init duration for springdoc-openapi is: 830 ms
2025-07-27T16:53:58.419+05:30  INFO 19860 --- [backend-server] [SpringApplicationShutdownHook] o.s.b.w.e.tomcat.GracefulShutdown        : Commencing graceful shutdown. Waiting for active requests to complete
2025-07-27T16:53:58.426+05:30  INFO 19860 --- [backend-server] [tomcat-shutdown] o.s.b.w.e.tomcat.GracefulShutdown        : Graceful shutdown complete
2025-07-27T16:53:58.431+05:30  INFO 19860 --- [backend-server] [SpringApplicationShutdownHook] j.LocalContainerEntityManagerFactoryBean : Closing JPA EntityManagerFactory for persistence unit 'default'
2025-07-27T16:53:58.436+05:30  INFO 19860 --- [backend-server] [SpringApplicationShutdownHook] com.zaxxer.hikari.HikariDataSource       : HikariPool-1 - Shutdown initiated...
2025-07-27T16:53:58.446+05:30  INFO 19860 --- [backend-server] [SpringApplicationShutdownHook] com.zaxxer.hikari.HikariDataSource       : HikariPool-1 - Shutdown completed.
2025-07-27T16:54:05.399+05:30  INFO 6196 --- [backend-server] [main] com.sb.main.BackendServerApplication     : Starting BackendServerApplication using Java 21.0.4 with PID 6196 (C:\Users\new\Downloads\ecomm-app\backend-server\target\classes started by new in C:\Users\new\Downloads\ecomm-app\backend-server)
2025-07-27T16:54:05.402+05:30  INFO 6196 --- [backend-server] [main] com.sb.main.BackendServerApplication     : No active profile set, falling back to 1 default profile: "default"
2025-07-27T16:54:06.560+05:30  INFO 6196 --- [backend-server] [main] .s.d.r.c.RepositoryConfigurationDelegate : Bootstrapping Spring Data JPA repositories in DEFAULT mode.
2025-07-27T16:54:06.667+05:30  INFO 6196 --- [backend-server] [main] .s.d.r.c.RepositoryConfigurationDelegate : Finished Spring Data repository scanning in 97 ms. Found 8 JPA repository interfaces.
2025-07-27T16:54:07.727+05:30  INFO 6196 --- [backend-server] [main] o.s.b.w.embedded.tomcat.TomcatWebServer  : Tomcat initialized with port 8080 (http)
2025-07-27T16:54:07.741+05:30  INFO 6196 --- [backend-server] [main] o.apache.catalina.core.StandardService   : Starting service [Tomcat]
2025-07-27T16:54:07.742+05:30  INFO 6196 --- [backend-server] [main] o.apache.catalina.core.StandardEngine    : Starting Servlet engine: [Apache Tomcat/10.1.43]
2025-07-27T16:54:07.811+05:30  INFO 6196 --- [backend-server] [main] o.a.c.c.C.[Tomcat].[localhost].[/]       : Initializing Spring embedded WebApplicationContext
2025-07-27T16:54:07.811+05:30  INFO 6196 --- [backend-server] [main] w.s.c.ServletWebServerApplicationContext : Root WebApplicationContext: initialization completed in 2343 ms
2025-07-27T16:54:08.052+05:30  INFO 6196 --- [backend-server] [main] o.hibernate.jpa.internal.util.LogHelper  : HHH000204: Processing PersistenceUnitInfo [name: default]
2025-07-27T16:54:08.140+05:30  INFO 6196 --- [backend-server] [main] org.hibernate.Version                    : HHH000412: Hibernate ORM core version 6.6.22.Final
2025-07-27T16:54:08.176+05:30  INFO 6196 --- [backend-server] [main] o.h.c.internal.RegionFactoryInitiator    : HHH000026: Second-level cache disabled
2025-07-27T16:54:08.561+05:30  INFO 6196 --- [backend-server] [main] o.s.o.j.p.SpringPersistenceUnitInfo      : No LoadTimeWeaver setup: ignoring JPA class transformer
2025-07-27T16:54:08.592+05:30  INFO 6196 --- [backend-server] [main] com.zaxxer.hikari.HikariDataSource       : HikariPool-1 - Starting...
2025-07-27T16:54:09.105+05:30  INFO 6196 --- [backend-server] [main] com.zaxxer.hikari.pool.HikariPool        : HikariPool-1 - Added connection com.mysql.cj.jdbc.ConnectionImpl@37f71c05
2025-07-27T16:54:09.107+05:30  INFO 6196 --- [backend-server] [main] com.zaxxer.hikari.HikariDataSource       : HikariPool-1 - Start completed.
2025-07-27T16:54:09.179+05:30  WARN 6196 --- [backend-server] [main] org.hibernate.orm.deprecation            : HHH90000025: MySQLDialect does not need to be specified explicitly using 'hibernate.dialect' (remove the property setting and it will be selected by default)
2025-07-27T16:54:09.198+05:30  INFO 6196 --- [backend-server] [main] org.hibernate.orm.connections.pooling    : HHH10001005: Database info:
	Database JDBC URL [Connecting through datasource 'HikariDataSource (HikariPool-1)']
	Database driver: undefined/unknown
	Database version: 8.0.33
	Autocommit mode: undefined/unknown
	Isolation level: undefined/unknown
	Minimum pool size: undefined/unknown
	Maximum pool size: undefined/unknown
2025-07-27T16:54:10.349+05:30  INFO 6196 --- [backend-server] [main] o.h.e.t.j.p.i.JtaPlatformInitiator       : HHH000489: No JTA platform available (set 'hibernate.transaction.jta.platform' to enable JTA platform integration)
2025-07-27T16:54:10.498+05:30  INFO 6196 --- [backend-server] [main] j.LocalContainerEntityManagerFactoryBean : Initialized JPA EntityManagerFactory for persistence unit 'default'
2025-07-27T16:54:10.863+05:30  INFO 6196 --- [backend-server] [main] o.s.d.j.r.query.QueryEnhancerFactory     : Hibernate is in classpath; If applicable, HQL parser will be used.
2025-07-27T16:54:11.902+05:30  WARN 6196 --- [backend-server] [main] JpaBaseConfiguration$JpaWebConfiguration : spring.jpa.open-in-view is enabled by default. Therefore, database queries may be performed during view rendering. Explicitly configure spring.jpa.open-in-view to disable this warning
2025-07-27T16:54:12.511+05:30  INFO 6196 --- [backend-server] [main] o.s.b.w.embedded.tomcat.TomcatWebServer  : Tomcat started on port 8080 (http) with context path '/'
2025-07-27T16:54:12.519+05:30  INFO 6196 --- [backend-server] [main] com.sb.main.BackendServerApplication     : Started BackendServerApplication in 7.805 seconds (process running for 8.49)
2025-07-27T16:54:32.949+05:30  INFO 6196 --- [backend-server] [http-nio-8080-exec-1] o.a.c.c.C.[Tomcat].[localhost].[/]       : Initializing Spring DispatcherServlet 'dispatcherServlet'
2025-07-27T16:54:32.950+05:30  INFO 6196 --- [backend-server] [http-nio-8080-exec-1] o.s.web.servlet.DispatcherServlet        : Initializing Servlet 'dispatcherServlet'
2025-07-27T16:54:32.952+05:30  INFO 6196 --- [backend-server] [http-nio-8080-exec-1] o.s.web.servlet.DispatcherServlet        : Completed initialization in 2 ms
2025-07-27T16:54:32.982+05:30  WARN 6196 --- [backend-server] [http-nio-8080-exec-1] o.s.web.servlet.PageNotFound             : No mapping for GET /swagger-ui/
2025-07-27T16:54:33.853+05:30  WARN 6196 --- [backend-server] [http-nio-8080-exec-3] o.s.web.servlet.PageNotFound             : No mapping for GET /favicon.ico
2025-07-27T16:54:42.363+05:30  WARN 6196 --- [backend-server] [http-nio-8080-exec-4] o.s.web.servlet.PageNotFound             : No mapping for GET /swagger-ui/index.html
2025-07-27T16:54:42.644+05:30  WARN 6196 --- [backend-server] [http-nio-8080-exec-5] o.s.web.servlet.PageNotFound             : No mapping for GET /favicon.ico
2025-07-27T16:54:54.931+05:30  WARN 6196 --- [backend-server] [http-nio-8080-exec-6] o.s.web.servlet.PageNotFound             : No mapping for GET /swagger-ui.html
2025-07-27T16:54:55.194+05:30  WARN 6196 --- [backend-server] [http-nio-8080-exec-7] o.s.web.servlet.PageNotFound             : No mapping for GET /favicon.ico
2025-07-27T16:55:45.270+05:30  INFO 6196 --- [backend-server] [SpringApplicationShutdownHook] o.s.b.w.e.tomcat.GracefulShutdown        : Commencing graceful shutdown. Waiting for active requests to complete
2025-07-27T16:55:45.281+05:30  INFO 6196 --- [backend-server] [tomcat-shutdown] o.s.b.w.e.tomcat.GracefulShutdown        : Graceful shutdown complete
2025-07-27T16:55:45.292+05:30  INFO 6196 --- [backend-server] [SpringApplicationShutdownHook] j.LocalContainerEntityManagerFactoryBean : Closing JPA EntityManagerFactory for persistence unit 'default'
2025-07-27T16:55:45.309+05:30  INFO 6196 --- [backend-server] [SpringApplicationShutdownHook] com.zaxxer.hikari.HikariDataSource       : HikariPool-1 - Shutdown initiated...
2025-07-27T16:55:45.337+05:30  INFO 6196 --- [backend-server] [SpringApplicationShutdownHook] com.zaxxer.hikari.HikariDataSource       : HikariPool-1 - Shutdown completed.
2025-07-27T16:56:26.407+05:30  INFO 20872 --- [backend-server] [main] com.sb.main.BackendServerApplication     : Starting BackendServerApplication using Java 21.0.4 with PID 20872 (C:\Users\new\Downloads\ecomm-app\backend-server\target\classes started by new in C:\Users\new\Downloads\ecomm-app\backend-server)
2025-07-27T16:56:26.409+05:30  INFO 20872 --- [backend-server] [main] com.sb.main.BackendServerApplication     : No active profile set, falling back to 1 default profile: "default"
2025-07-27T16:56:27.451+05:30  INFO 20872 --- [backend-server] [main] .s.d.r.c.RepositoryConfigurationDelegate : Bootstrapping Spring Data JPA repositories in DEFAULT mode.
2025-07-27T16:56:27.546+05:30  INFO 20872 --- [backend-server] [main] .s.d.r.c.RepositoryConfigurationDelegate : Finished Spring Data repository scanning in 83 ms. Found 8 JPA repository interfaces.
2025-07-27T16:56:28.314+05:30  INFO 20872 --- [backend-server] [main] o.s.b.w.embedded.tomcat.TomcatWebServer  : Tomcat initialized with port 8080 (http)
2025-07-27T16:56:28.333+05:30  INFO 20872 --- [backend-server] [main] o.apache.catalina.core.StandardService   : Starting service [Tomcat]
2025-07-27T16:56:28.333+05:30  INFO 20872 --- [backend-server] [main] o.apache.catalina.core.StandardEngine    : Starting Servlet engine: [Apache Tomcat/10.1.43]
2025-07-27T16:56:28.407+05:30  INFO 20872 --- [backend-server] [main] o.a.c.c.C.[Tomcat].[localhost].[/]       : Initializing Spring embedded WebApplicationContext
2025-07-27T16:56:28.407+05:30  INFO 20872 --- [backend-server] [main] w.s.c.ServletWebServerApplicationContext : Root WebApplicationContext: initialization completed in 1945 ms
2025-07-27T16:56:28.641+05:30  INFO 20872 --- [backend-server] [main] o.hibernate.jpa.internal.util.LogHelper  : HHH000204: Processing PersistenceUnitInfo [name: default]
2025-07-27T16:56:28.719+05:30  INFO 20872 --- [backend-server] [main] org.hibernate.Version                    : HHH000412: Hibernate ORM core version 6.6.22.Final
2025-07-27T16:56:28.768+05:30  INFO 20872 --- [backend-server] [main] o.h.c.internal.RegionFactoryInitiator    : HHH000026: Second-level cache disabled
2025-07-27T16:56:29.185+05:30  INFO 20872 --- [backend-server] [main] o.s.o.j.p.SpringPersistenceUnitInfo      : No LoadTimeWeaver setup: ignoring JPA class transformer
2025-07-27T16:56:29.231+05:30  INFO 20872 --- [backend-server] [main] com.zaxxer.hikari.HikariDataSource       : HikariPool-1 - Starting...
2025-07-27T16:56:29.699+05:30  INFO 20872 --- [backend-server] [main] com.zaxxer.hikari.pool.HikariPool        : HikariPool-1 - Added connection com.mysql.cj.jdbc.ConnectionImpl@19ec5357
2025-07-27T16:56:29.701+05:30  INFO 20872 --- [backend-server] [main] com.zaxxer.hikari.HikariDataSource       : HikariPool-1 - Start completed.
2025-07-27T16:56:29.760+05:30  WARN 20872 --- [backend-server] [main] org.hibernate.orm.deprecation            : HHH90000025: MySQLDialect does not need to be specified explicitly using 'hibernate.dialect' (remove the property setting and it will be selected by default)
2025-07-27T16:56:29.777+05:30  INFO 20872 --- [backend-server] [main] org.hibernate.orm.connections.pooling    : HHH10001005: Database info:
	Database JDBC URL [Connecting through datasource 'HikariDataSource (HikariPool-1)']
	Database driver: undefined/unknown
	Database version: 8.0.33
	Autocommit mode: undefined/unknown
	Isolation level: undefined/unknown
	Minimum pool size: undefined/unknown
	Maximum pool size: undefined/unknown
2025-07-27T16:56:31.049+05:30  INFO 20872 --- [backend-server] [main] o.h.e.t.j.p.i.JtaPlatformInitiator       : HHH000489: No JTA platform available (set 'hibernate.transaction.jta.platform' to enable JTA platform integration)
2025-07-27T16:56:31.201+05:30  INFO 20872 --- [backend-server] [main] j.LocalContainerEntityManagerFactoryBean : Initialized JPA EntityManagerFactory for persistence unit 'default'
2025-07-27T16:56:31.561+05:30  INFO 20872 --- [backend-server] [main] o.s.d.j.r.query.QueryEnhancerFactory     : Hibernate is in classpath; If applicable, HQL parser will be used.
2025-07-27T16:56:32.561+05:30  WARN 20872 --- [backend-server] [main] JpaBaseConfiguration$JpaWebConfiguration : spring.jpa.open-in-view is enabled by default. Therefore, database queries may be performed during view rendering. Explicitly configure spring.jpa.open-in-view to disable this warning
2025-07-27T16:56:33.168+05:30  INFO 20872 --- [backend-server] [main] o.s.b.w.embedded.tomcat.TomcatWebServer  : Tomcat started on port 8080 (http) with context path '/'
2025-07-27T16:56:33.180+05:30  INFO 20872 --- [backend-server] [main] com.sb.main.BackendServerApplication     : Started BackendServerApplication in 7.369 seconds (process running for 7.853)
2025-07-27T16:56:43.855+05:30  INFO 20872 --- [backend-server] [http-nio-8080-exec-1] o.a.c.c.C.[Tomcat].[localhost].[/]       : Initializing Spring DispatcherServlet 'dispatcherServlet'
2025-07-27T16:56:43.856+05:30  INFO 20872 --- [backend-server] [http-nio-8080-exec-1] o.s.web.servlet.DispatcherServlet        : Initializing Servlet 'dispatcherServlet'
2025-07-27T16:56:43.857+05:30  INFO 20872 --- [backend-server] [http-nio-8080-exec-1] o.s.web.servlet.DispatcherServlet        : Completed initialization in 1 ms
2025-07-27T16:56:43.899+05:30  WARN 20872 --- [backend-server] [http-nio-8080-exec-2] o.s.web.servlet.PageNotFound             : No mapping for GET /swagger-ui/
2025-07-27T16:56:44.338+05:30  WARN 20872 --- [backend-server] [http-nio-8080-exec-3] o.s.web.servlet.PageNotFound             : No mapping for GET /favicon.ico
2025-07-27T16:57:13.022+05:30  INFO 20872 --- [backend-server] [http-nio-8080-exec-4] o.springdoc.api.AbstractOpenApiResource  : Init duration for springdoc-openapi is: 1271 ms
2025-07-27T16:57:13.619+05:30  WARN 20872 --- [backend-server] [http-nio-8080-exec-6] o.s.web.servlet.PageNotFound             : No mapping for GET /favicon.ico
2025-07-27T16:57:28.050+05:30  WARN 20872 --- [backend-server] [http-nio-8080-exec-7] o.s.web.servlet.PageNotFound             : No mapping for GET /swagger-ui/
2025-07-27T16:57:28.820+05:30  WARN 20872 --- [backend-server] [http-nio-8080-exec-8] o.s.web.servlet.PageNotFound             : No mapping for GET /favicon.ico
2025-07-27T16:57:34.926+05:30  WARN 20872 --- [backend-server] [http-nio-8080-exec-10] o.s.web.servlet.PageNotFound             : No mapping for GET /favicon.ico
2025-07-27T16:57:43.988+05:30  INFO 20872 --- [backend-server] [SpringApplicationShutdownHook] o.s.b.w.e.tomcat.GracefulShutdown        : Commencing graceful shutdown. Waiting for active requests to complete
2025-07-27T16:57:43.996+05:30  INFO 20872 --- [backend-server] [tomcat-shutdown] o.s.b.w.e.tomcat.GracefulShutdown        : Graceful shutdown complete
2025-07-27T16:57:44.004+05:30  INFO 20872 --- [backend-server] [SpringApplicationShutdownHook] j.LocalContainerEntityManagerFactoryBean : Closing JPA EntityManagerFactory for persistence unit 'default'
2025-07-27T16:57:44.009+05:30  INFO 20872 --- [backend-server] [SpringApplicationShutdownHook] com.zaxxer.hikari.HikariDataSource       : HikariPool-1 - Shutdown initiated...
2025-07-27T16:57:44.023+05:30  INFO 20872 --- [backend-server] [SpringApplicationShutdownHook] com.zaxxer.hikari.HikariDataSource       : HikariPool-1 - Shutdown completed.
2025-07-27T16:59:17.698+05:30  INFO 12484 --- [backend-server] [main] c.sb.main.BackendServerApplicationTests  : Starting BackendServerApplicationTests using Java 21.0.4 with PID 12484 (started by new in C:\Users\new\Downloads\ecomm-app\backend-server)
2025-07-27T16:59:17.699+05:30  INFO 12484 --- [backend-server] [main] c.sb.main.BackendServerApplicationTests  : No active profile set, falling back to 1 default profile: "default"
2025-07-27T16:59:18.954+05:30  INFO 12484 --- [backend-server] [main] .s.d.r.c.RepositoryConfigurationDelegate : Bootstrapping Spring Data JPA repositories in DEFAULT mode.
2025-07-27T16:59:19.083+05:30  INFO 12484 --- [backend-server] [main] .s.d.r.c.RepositoryConfigurationDelegate : Finished Spring Data repository scanning in 108 ms. Found 8 JPA repository interfaces.
2025-07-27T16:59:19.776+05:30  INFO 12484 --- [backend-server] [main] o.hibernate.jpa.internal.util.LogHelper  : HHH000204: Processing PersistenceUnitInfo [name: default]
2025-07-27T16:59:19.898+05:30  INFO 12484 --- [backend-server] [main] org.hibernate.Version                    : HHH000412: Hibernate ORM core version 6.6.22.Final
2025-07-27T16:59:19.974+05:30  INFO 12484 --- [backend-server] [main] o.h.c.internal.RegionFactoryInitiator    : HHH000026: Second-level cache disabled
2025-07-27T16:59:20.462+05:30  INFO 12484 --- [backend-server] [main] o.s.o.j.p.SpringPersistenceUnitInfo      : No LoadTimeWeaver setup: ignoring JPA class transformer
2025-07-27T16:59:20.513+05:30  INFO 12484 --- [backend-server] [main] com.zaxxer.hikari.HikariDataSource       : HikariPool-1 - Starting...
2025-07-27T16:59:21.040+05:30  INFO 12484 --- [backend-server] [main] com.zaxxer.hikari.pool.HikariPool        : HikariPool-1 - Added connection com.mysql.cj.jdbc.ConnectionImpl@6d2db15b
2025-07-27T16:59:21.043+05:30  INFO 12484 --- [backend-server] [main] com.zaxxer.hikari.HikariDataSource       : HikariPool-1 - Start completed.
2025-07-27T16:59:21.134+05:30  WARN 12484 --- [backend-server] [main] org.hibernate.orm.deprecation            : HHH90000025: MySQLDialect does not need to be specified explicitly using 'hibernate.dialect' (remove the property setting and it will be selected by default)
2025-07-27T16:59:21.159+05:30  INFO 12484 --- [backend-server] [main] org.hibernate.orm.connections.pooling    : HHH10001005: Database info:
	Database JDBC URL [Connecting through datasource 'HikariDataSource (HikariPool-1)']
	Database driver: undefined/unknown
	Database version: 8.0.33
	Autocommit mode: undefined/unknown
	Isolation level: undefined/unknown
	Minimum pool size: undefined/unknown
	Maximum pool size: undefined/unknown
2025-07-27T16:59:22.347+05:30  INFO 12484 --- [backend-server] [main] o.h.e.t.j.p.i.JtaPlatformInitiator       : HHH000489: No JTA platform available (set 'hibernate.transaction.jta.platform' to enable JTA platform integration)
2025-07-27T16:59:22.521+05:30  INFO 12484 --- [backend-server] [main] j.LocalContainerEntityManagerFactoryBean : Initialized JPA EntityManagerFactory for persistence unit 'default'
2025-07-27T16:59:22.916+05:30  INFO 12484 --- [backend-server] [main] o.s.d.j.r.query.QueryEnhancerFactory     : Hibernate is in classpath; If applicable, HQL parser will be used.
2025-07-27T16:59:24.047+05:30  WARN 12484 --- [backend-server] [main] JpaBaseConfiguration$JpaWebConfiguration : spring.jpa.open-in-view is enabled by default. Therefore, database queries may be performed during view rendering. Explicitly configure spring.jpa.open-in-view to disable this warning
2025-07-27T16:59:24.661+05:30  INFO 12484 --- [backend-server] [main] c.sb.main.BackendServerApplicationTests  : Started BackendServerApplicationTests in 7.343 seconds (process running for 8.893)
2025-07-27T16:59:25.147+05:30  INFO 12484 --- [backend-server] [SpringApplicationShutdownHook] j.LocalContainerEntityManagerFactoryBean : Closing JPA EntityManagerFactory for persistence unit 'default'
2025-07-27T16:59:25.150+05:30  INFO 12484 --- [backend-server] [SpringApplicationShutdownHook] com.zaxxer.hikari.HikariDataSource       : HikariPool-1 - Shutdown initiated...
2025-07-27T16:59:25.162+05:30  INFO 12484 --- [backend-server] [SpringApplicationShutdownHook] com.zaxxer.hikari.HikariDataSource       : HikariPool-1 - Shutdown completed.
2025-07-27T17:01:58.966+05:30  INFO 3396 --- [backend-server] [main] c.sb.main.BackendServerApplicationTests  : Starting BackendServerApplicationTests using Java 21.0.4 with PID 3396 (started by new in C:\Users\new\Downloads\ecomm-app\backend-server)
2025-07-27T17:01:58.967+05:30  INFO 3396 --- [backend-server] [main] c.sb.main.BackendServerApplicationTests  : No active profile set, falling back to 1 default profile: "default"
2025-07-27T17:01:59.992+05:30  INFO 3396 --- [backend-server] [main] .s.d.r.c.RepositoryConfigurationDelegate : Bootstrapping Spring Data JPA repositories in DEFAULT mode.
2025-07-27T17:02:00.130+05:30  INFO 3396 --- [backend-server] [main] .s.d.r.c.RepositoryConfigurationDelegate : Finished Spring Data repository scanning in 121 ms. Found 8 JPA repository interfaces.
2025-07-27T17:02:00.773+05:30  INFO 3396 --- [backend-server] [main] o.hibernate.jpa.internal.util.LogHelper  : HHH000204: Processing PersistenceUnitInfo [name: default]
2025-07-27T17:02:00.891+05:30  INFO 3396 --- [backend-server] [main] org.hibernate.Version                    : HHH000412: Hibernate ORM core version 6.6.22.Final
2025-07-27T17:02:00.955+05:30  INFO 3396 --- [backend-server] [main] o.h.c.internal.RegionFactoryInitiator    : HHH000026: Second-level cache disabled
2025-07-27T17:02:01.407+05:30  INFO 3396 --- [backend-server] [main] o.s.o.j.p.SpringPersistenceUnitInfo      : No LoadTimeWeaver setup: ignoring JPA class transformer
2025-07-27T17:02:01.460+05:30  INFO 3396 --- [backend-server] [main] com.zaxxer.hikari.HikariDataSource       : HikariPool-1 - Starting...
2025-07-27T17:02:01.965+05:30  INFO 3396 --- [backend-server] [main] com.zaxxer.hikari.pool.HikariPool        : HikariPool-1 - Added connection com.mysql.cj.jdbc.ConnectionImpl@6eaf030c
2025-07-27T17:02:01.967+05:30  INFO 3396 --- [backend-server] [main] com.zaxxer.hikari.HikariDataSource       : HikariPool-1 - Start completed.
2025-07-27T17:02:02.068+05:30  WARN 3396 --- [backend-server] [main] org.hibernate.orm.deprecation            : HHH90000025: MySQLDialect does not need to be specified explicitly using 'hibernate.dialect' (remove the property setting and it will be selected by default)
2025-07-27T17:02:02.102+05:30  INFO 3396 --- [backend-server] [main] org.hibernate.orm.connections.pooling    : HHH10001005: Database info:
	Database JDBC URL [Connecting through datasource 'HikariDataSource (HikariPool-1)']
	Database driver: undefined/unknown
	Database version: 8.0.33
	Autocommit mode: undefined/unknown
	Isolation level: undefined/unknown
	Minimum pool size: undefined/unknown
	Maximum pool size: undefined/unknown
2025-07-27T17:02:03.360+05:30  INFO 3396 --- [backend-server] [main] o.h.e.t.j.p.i.JtaPlatformInitiator       : HHH000489: No JTA platform available (set 'hibernate.transaction.jta.platform' to enable JTA platform integration)
2025-07-27T17:02:03.544+05:30  INFO 3396 --- [backend-server] [main] j.LocalContainerEntityManagerFactoryBean : Initialized JPA EntityManagerFactory for persistence unit 'default'
2025-07-27T17:02:03.875+05:30  INFO 3396 --- [backend-server] [main] o.s.d.j.r.query.QueryEnhancerFactory     : Hibernate is in classpath; If applicable, HQL parser will be used.
2025-07-27T17:02:05.205+05:30  WARN 3396 --- [backend-server] [main] JpaBaseConfiguration$JpaWebConfiguration : spring.jpa.open-in-view is enabled by default. Therefore, database queries may be performed during view rendering. Explicitly configure spring.jpa.open-in-view to disable this warning
2025-07-27T17:02:05.883+05:30  INFO 3396 --- [backend-server] [main] c.sb.main.BackendServerApplicationTests  : Started BackendServerApplicationTests in 7.305 seconds (process running for 8.667)
2025-07-27T17:02:06.416+05:30  INFO 3396 --- [backend-server] [SpringApplicationShutdownHook] j.LocalContainerEntityManagerFactoryBean : Closing JPA EntityManagerFactory for persistence unit 'default'
2025-07-27T17:02:06.419+05:30  INFO 3396 --- [backend-server] [SpringApplicationShutdownHook] com.zaxxer.hikari.HikariDataSource       : HikariPool-1 - Shutdown initiated...
2025-07-27T17:02:06.432+05:30  INFO 3396 --- [backend-server] [SpringApplicationShutdownHook] com.zaxxer.hikari.HikariDataSource       : HikariPool-1 - Shutdown completed.
2025-07-27T17:02:25.948+05:30  INFO 10320 --- [backend-server] [main] com.sb.main.BackendServerApplication     : Starting BackendServerApplication using Java 21.0.4 with PID 10320 (C:\Users\new\Downloads\ecomm-app\backend-server\target\classes started by new in C:\Users\new\Downloads\ecomm-app\backend-server)
2025-07-27T17:02:25.952+05:30  INFO 10320 --- [backend-server] [main] com.sb.main.BackendServerApplication     : No active profile set, falling back to 1 default profile: "default"
2025-07-27T17:02:27.185+05:30  INFO 10320 --- [backend-server] [main] .s.d.r.c.RepositoryConfigurationDelegate : Bootstrapping Spring Data JPA repositories in DEFAULT mode.
2025-07-27T17:02:27.279+05:30  INFO 10320 --- [backend-server] [main] .s.d.r.c.RepositoryConfigurationDelegate : Finished Spring Data repository scanning in 84 ms. Found 8 JPA repository interfaces.
2025-07-27T17:02:28.034+05:30  INFO 10320 --- [backend-server] [main] o.s.b.w.embedded.tomcat.TomcatWebServer  : Tomcat initialized with port 8080 (http)
2025-07-27T17:02:28.047+05:30  INFO 10320 --- [backend-server] [main] o.apache.catalina.core.StandardService   : Starting service [Tomcat]
2025-07-27T17:02:28.047+05:30  INFO 10320 --- [backend-server] [main] o.apache.catalina.core.StandardEngine    : Starting Servlet engine: [Apache Tomcat/10.1.43]
2025-07-27T17:02:28.128+05:30  INFO 10320 --- [backend-server] [main] o.a.c.c.C.[Tomcat].[localhost].[/]       : Initializing Spring embedded WebApplicationContext
2025-07-27T17:02:28.129+05:30  INFO 10320 --- [backend-server] [main] w.s.c.ServletWebServerApplicationContext : Root WebApplicationContext: initialization completed in 2119 ms
2025-07-27T17:02:28.356+05:30  INFO 10320 --- [backend-server] [main] o.hibernate.jpa.internal.util.LogHelper  : HHH000204: Processing PersistenceUnitInfo [name: default]
2025-07-27T17:02:28.421+05:30  INFO 10320 --- [backend-server] [main] org.hibernate.Version                    : HHH000412: Hibernate ORM core version 6.6.22.Final
2025-07-27T17:02:28.455+05:30  INFO 10320 --- [backend-server] [main] o.h.c.internal.RegionFactoryInitiator    : HHH000026: Second-level cache disabled
2025-07-27T17:02:28.796+05:30  INFO 10320 --- [backend-server] [main] o.s.o.j.p.SpringPersistenceUnitInfo      : No LoadTimeWeaver setup: ignoring JPA class transformer
2025-07-27T17:02:28.842+05:30  INFO 10320 --- [backend-server] [main] com.zaxxer.hikari.HikariDataSource       : HikariPool-1 - Starting...
2025-07-27T17:02:29.263+05:30  INFO 10320 --- [backend-server] [main] com.zaxxer.hikari.pool.HikariPool        : HikariPool-1 - Added connection com.mysql.cj.jdbc.ConnectionImpl@351d93bd
2025-07-27T17:02:29.266+05:30  INFO 10320 --- [backend-server] [main] com.zaxxer.hikari.HikariDataSource       : HikariPool-1 - Start completed.
2025-07-27T17:02:29.320+05:30  WARN 10320 --- [backend-server] [main] org.hibernate.orm.deprecation            : HHH90000025: MySQLDialect does not need to be specified explicitly using 'hibernate.dialect' (remove the property setting and it will be selected by default)
2025-07-27T17:02:29.336+05:30  INFO 10320 --- [backend-server] [main] org.hibernate.orm.connections.pooling    : HHH10001005: Database info:
	Database JDBC URL [Connecting through datasource 'HikariDataSource (HikariPool-1)']
	Database driver: undefined/unknown
	Database version: 8.0.33
	Autocommit mode: undefined/unknown
	Isolation level: undefined/unknown
	Minimum pool size: undefined/unknown
	Maximum pool size: undefined/unknown
2025-07-27T17:02:30.388+05:30  INFO 10320 --- [backend-server] [main] o.h.e.t.j.p.i.JtaPlatformInitiator       : HHH000489: No JTA platform available (set 'hibernate.transaction.jta.platform' to enable JTA platform integration)
2025-07-27T17:02:30.558+05:30  INFO 10320 --- [backend-server] [main] j.LocalContainerEntityManagerFactoryBean : Initialized JPA EntityManagerFactory for persistence unit 'default'
2025-07-27T17:02:30.876+05:30  INFO 10320 --- [backend-server] [main] o.s.d.j.r.query.QueryEnhancerFactory     : Hibernate is in classpath; If applicable, HQL parser will be used.
2025-07-27T17:02:31.725+05:30  WARN 10320 --- [backend-server] [main] JpaBaseConfiguration$JpaWebConfiguration : spring.jpa.open-in-view is enabled by default. Therefore, database queries may be performed during view rendering. Explicitly configure spring.jpa.open-in-view to disable this warning
2025-07-27T17:02:32.303+05:30  INFO 10320 --- [backend-server] [main] o.s.b.w.embedded.tomcat.TomcatWebServer  : Tomcat started on port 8080 (http) with context path '/'
2025-07-27T17:02:32.313+05:30  INFO 10320 --- [backend-server] [main] com.sb.main.BackendServerApplication     : Started BackendServerApplication in 6.957 seconds (process running for 7.466)
2025-07-27T17:02:38.749+05:30  INFO 10320 --- [backend-server] [http-nio-8080-exec-1] o.a.c.c.C.[Tomcat].[localhost].[/]       : Initializing Spring DispatcherServlet 'dispatcherServlet'
2025-07-27T17:02:38.750+05:30  INFO 10320 --- [backend-server] [http-nio-8080-exec-1] o.s.web.servlet.DispatcherServlet        : Initializing Servlet 'dispatcherServlet'
2025-07-27T17:02:38.751+05:30  INFO 10320 --- [backend-server] [http-nio-8080-exec-1] o.s.web.servlet.DispatcherServlet        : Completed initialization in 1 ms
2025-07-27T17:03:58.650+05:30  INFO 10320 --- [backend-server] [SpringApplicationShutdownHook] o.s.b.w.e.tomcat.GracefulShutdown        : Commencing graceful shutdown. Waiting for active requests to complete
2025-07-27T17:03:58.682+05:30  INFO 10320 --- [backend-server] [tomcat-shutdown] o.s.b.w.e.tomcat.GracefulShutdown        : Graceful shutdown complete
2025-07-27T17:03:58.709+05:30  INFO 10320 --- [backend-server] [SpringApplicationShutdownHook] j.LocalContainerEntityManagerFactoryBean : Closing JPA EntityManagerFactory for persistence unit 'default'
2025-07-27T17:03:58.747+05:30  INFO 10320 --- [backend-server] [SpringApplicationShutdownHook] com.zaxxer.hikari.HikariDataSource       : HikariPool-1 - Shutdown initiated...
2025-07-27T17:03:58.813+05:30  INFO 10320 --- [backend-server] [SpringApplicationShutdownHook] com.zaxxer.hikari.HikariDataSource       : HikariPool-1 - Shutdown completed.
2025-07-27T17:07:19.921+05:30  INFO 628 --- [backend-server] [main] com.sb.main.BackendServerApplication     : Starting BackendServerApplication using Java 21.0.4 with PID 628 (C:\Users\new\Downloads\ecomm-app\backend-server\target\classes started by new in C:\Users\new\Downloads\ecomm-app\backend-server)
2025-07-27T17:07:19.924+05:30  INFO 628 --- [backend-server] [main] com.sb.main.BackendServerApplication     : No active profile set, falling back to 1 default profile: "default"
2025-07-27T17:07:21.080+05:30  INFO 628 --- [backend-server] [main] .s.d.r.c.RepositoryConfigurationDelegate : Bootstrapping Spring Data JPA repositories in DEFAULT mode.
2025-07-27T17:07:21.208+05:30  INFO 628 --- [backend-server] [main] .s.d.r.c.RepositoryConfigurationDelegate : Finished Spring Data repository scanning in 113 ms. Found 8 JPA repository interfaces.
2025-07-27T17:07:22.067+05:30  INFO 628 --- [backend-server] [main] o.s.b.w.embedded.tomcat.TomcatWebServer  : Tomcat initialized with port 8080 (http)
2025-07-27T17:07:22.085+05:30  INFO 628 --- [backend-server] [main] o.apache.catalina.core.StandardService   : Starting service [Tomcat]
2025-07-27T17:07:22.085+05:30  INFO 628 --- [backend-server] [main] o.apache.catalina.core.StandardEngine    : Starting Servlet engine: [Apache Tomcat/10.1.43]
2025-07-27T17:07:22.168+05:30  INFO 628 --- [backend-server] [main] o.a.c.c.C.[Tomcat].[localhost].[/]       : Initializing Spring embedded WebApplicationContext
2025-07-27T17:07:22.168+05:30  INFO 628 --- [backend-server] [main] w.s.c.ServletWebServerApplicationContext : Root WebApplicationContext: initialization completed in 2188 ms
2025-07-27T17:07:22.434+05:30  INFO 628 --- [backend-server] [main] o.hibernate.jpa.internal.util.LogHelper  : HHH000204: Processing PersistenceUnitInfo [name: default]
2025-07-27T17:07:22.514+05:30  INFO 628 --- [backend-server] [main] org.hibernate.Version                    : HHH000412: Hibernate ORM core version 6.6.22.Final
2025-07-27T17:07:22.554+05:30  INFO 628 --- [backend-server] [main] o.h.c.internal.RegionFactoryInitiator    : HHH000026: Second-level cache disabled
2025-07-27T17:07:22.988+05:30  INFO 628 --- [backend-server] [main] o.s.o.j.p.SpringPersistenceUnitInfo      : No LoadTimeWeaver setup: ignoring JPA class transformer
2025-07-27T17:07:23.026+05:30  INFO 628 --- [backend-server] [main] com.zaxxer.hikari.HikariDataSource       : HikariPool-1 - Starting...
2025-07-27T17:07:23.540+05:30  INFO 628 --- [backend-server] [main] com.zaxxer.hikari.pool.HikariPool        : HikariPool-1 - Added connection com.mysql.cj.jdbc.ConnectionImpl@2b2b7e3c
2025-07-27T17:07:23.542+05:30  INFO 628 --- [backend-server] [main] com.zaxxer.hikari.HikariDataSource       : HikariPool-1 - Start completed.
2025-07-27T17:07:23.611+05:30  WARN 628 --- [backend-server] [main] org.hibernate.orm.deprecation            : HHH90000025: MySQLDialect does not need to be specified explicitly using 'hibernate.dialect' (remove the property setting and it will be selected by default)
2025-07-27T17:07:23.627+05:30  INFO 628 --- [backend-server] [main] org.hibernate.orm.connections.pooling    : HHH10001005: Database info:
	Database JDBC URL [Connecting through datasource 'HikariDataSource (HikariPool-1)']
	Database driver: undefined/unknown
	Database version: 8.0.33
	Autocommit mode: undefined/unknown
	Isolation level: undefined/unknown
	Minimum pool size: undefined/unknown
	Maximum pool size: undefined/unknown
2025-07-27T17:07:24.863+05:30  INFO 628 --- [backend-server] [main] o.h.e.t.j.p.i.JtaPlatformInitiator       : HHH000489: No JTA platform available (set 'hibernate.transaction.jta.platform' to enable JTA platform integration)
2025-07-27T17:07:25.125+05:30  INFO 628 --- [backend-server] [main] j.LocalContainerEntityManagerFactoryBean : Initialized JPA EntityManagerFactory for persistence unit 'default'
2025-07-27T17:07:25.532+05:30  INFO 628 --- [backend-server] [main] o.s.d.j.r.query.QueryEnhancerFactory     : Hibernate is in classpath; If applicable, HQL parser will be used.
2025-07-27T17:07:26.621+05:30  WARN 628 --- [backend-server] [main] JpaBaseConfiguration$JpaWebConfiguration : spring.jpa.open-in-view is enabled by default. Therefore, database queries may be performed during view rendering. Explicitly configure spring.jpa.open-in-view to disable this warning
2025-07-27T17:07:27.449+05:30  INFO 628 --- [backend-server] [main] o.s.b.w.embedded.tomcat.TomcatWebServer  : Tomcat started on port 8080 (http) with context path '/'
2025-07-27T17:07:27.468+05:30  INFO 628 --- [backend-server] [main] com.sb.main.BackendServerApplication     : Started BackendServerApplication in 8.209 seconds (process running for 8.897)
2025-07-27T17:07:27.969+05:30  INFO 628 --- [backend-server] [http-nio-8080-exec-1] o.a.c.c.C.[Tomcat].[localhost].[/]       : Initializing Spring DispatcherServlet 'dispatcherServlet'
2025-07-27T17:07:27.970+05:30  INFO 628 --- [backend-server] [http-nio-8080-exec-1] o.s.web.servlet.DispatcherServlet        : Initializing Servlet 'dispatcherServlet'
2025-07-27T17:07:27.973+05:30  INFO 628 --- [backend-server] [http-nio-8080-exec-1] o.s.web.servlet.DispatcherServlet        : Completed initialization in 2 ms
2025-07-27T17:08:09.447+05:30  WARN 628 --- [backend-server] [http-nio-8080-exec-10] o.s.web.servlet.PageNotFound             : No mapping for GET /favicon.ico
2025-07-27T17:08:59.472+05:30  INFO 628 --- [backend-server] [SpringApplicationShutdownHook] o.s.b.w.e.tomcat.GracefulShutdown        : Commencing graceful shutdown. Waiting for active requests to complete
2025-07-27T17:08:59.506+05:30  INFO 628 --- [backend-server] [tomcat-shutdown] o.s.b.w.e.tomcat.GracefulShutdown        : Graceful shutdown complete
2025-07-27T17:08:59.538+05:30  INFO 628 --- [backend-server] [SpringApplicationShutdownHook] j.LocalContainerEntityManagerFactoryBean : Closing JPA EntityManagerFactory for persistence unit 'default'
2025-07-27T17:08:59.605+05:30  INFO 628 --- [backend-server] [SpringApplicationShutdownHook] com.zaxxer.hikari.HikariDataSource       : HikariPool-1 - Shutdown initiated...
2025-07-27T17:08:59.742+05:30  INFO 628 --- [backend-server] [SpringApplicationShutdownHook] com.zaxxer.hikari.HikariDataSource       : HikariPool-1 - Shutdown completed.
2025-07-27T17:11:13.795+05:30  INFO 15536 --- [backend-server] [main] com.sb.main.BackendServerApplication     : Starting BackendServerApplication using Java 21.0.4 with PID 15536 (C:\Users\new\Downloads\ecomm-app\backend-server\target\classes started by new in C:\Users\new\Downloads\ecomm-app\backend-server)
2025-07-27T17:11:13.799+05:30  INFO 15536 --- [backend-server] [main] com.sb.main.BackendServerApplication     : No active profile set, falling back to 1 default profile: "default"
2025-07-27T17:11:15.018+05:30  INFO 15536 --- [backend-server] [main] .s.d.r.c.RepositoryConfigurationDelegate : Bootstrapping Spring Data JPA repositories in DEFAULT mode.
2025-07-27T17:11:15.133+05:30  INFO 15536 --- [backend-server] [main] .s.d.r.c.RepositoryConfigurationDelegate : Finished Spring Data repository scanning in 99 ms. Found 8 JPA repository interfaces.
2025-07-27T17:11:15.963+05:30  INFO 15536 --- [backend-server] [main] o.s.b.w.embedded.tomcat.TomcatWebServer  : Tomcat initialized with port 8080 (http)
2025-07-27T17:11:15.987+05:30  INFO 15536 --- [backend-server] [main] o.apache.catalina.core.StandardService   : Starting service [Tomcat]
2025-07-27T17:11:15.987+05:30  INFO 15536 --- [backend-server] [main] o.apache.catalina.core.StandardEngine    : Starting Servlet engine: [Apache Tomcat/10.1.43]
2025-07-27T17:11:16.096+05:30  INFO 15536 --- [backend-server] [main] o.a.c.c.C.[Tomcat].[localhost].[/]       : Initializing Spring embedded WebApplicationContext
2025-07-27T17:11:16.097+05:30  INFO 15536 --- [backend-server] [main] w.s.c.ServletWebServerApplicationContext : Root WebApplicationContext: initialization completed in 2241 ms
2025-07-27T17:11:16.375+05:30  INFO 15536 --- [backend-server] [main] o.hibernate.jpa.internal.util.LogHelper  : HHH000204: Processing PersistenceUnitInfo [name: default]
2025-07-27T17:11:16.484+05:30  INFO 15536 --- [backend-server] [main] org.hibernate.Version                    : HHH000412: Hibernate ORM core version 6.6.22.Final
2025-07-27T17:11:16.534+05:30  INFO 15536 --- [backend-server] [main] o.h.c.internal.RegionFactoryInitiator    : HHH000026: Second-level cache disabled
2025-07-27T17:11:16.980+05:30  INFO 15536 --- [backend-server] [main] o.s.o.j.p.SpringPersistenceUnitInfo      : No LoadTimeWeaver setup: ignoring JPA class transformer
2025-07-27T17:11:17.023+05:30  INFO 15536 --- [backend-server] [main] com.zaxxer.hikari.HikariDataSource       : HikariPool-1 - Starting...
2025-07-27T17:11:17.539+05:30  INFO 15536 --- [backend-server] [main] com.zaxxer.hikari.pool.HikariPool        : HikariPool-1 - Added connection com.mysql.cj.jdbc.ConnectionImpl@59f7c106
2025-07-27T17:11:17.540+05:30  INFO 15536 --- [backend-server] [main] com.zaxxer.hikari.HikariDataSource       : HikariPool-1 - Start completed.
2025-07-27T17:11:17.612+05:30  WARN 15536 --- [backend-server] [main] org.hibernate.orm.deprecation            : HHH90000025: MySQLDialect does not need to be specified explicitly using 'hibernate.dialect' (remove the property setting and it will be selected by default)
2025-07-27T17:11:17.635+05:30  INFO 15536 --- [backend-server] [main] org.hibernate.orm.connections.pooling    : HHH10001005: Database info:
	Database JDBC URL [Connecting through datasource 'HikariDataSource (HikariPool-1)']
	Database driver: undefined/unknown
	Database version: 8.0.33
	Autocommit mode: undefined/unknown
	Isolation level: undefined/unknown
	Minimum pool size: undefined/unknown
	Maximum pool size: undefined/unknown
2025-07-27T17:11:18.774+05:30  INFO 15536 --- [backend-server] [main] o.h.e.t.j.p.i.JtaPlatformInitiator       : HHH000489: No JTA platform available (set 'hibernate.transaction.jta.platform' to enable JTA platform integration)
2025-07-27T17:11:18.930+05:30  INFO 15536 --- [backend-server] [main] j.LocalContainerEntityManagerFactoryBean : Initialized JPA EntityManagerFactory for persistence unit 'default'
2025-07-27T17:11:19.286+05:30  INFO 15536 --- [backend-server] [main] o.s.d.j.r.query.QueryEnhancerFactory     : Hibernate is in classpath; If applicable, HQL parser will be used.
2025-07-27T17:11:20.359+05:30  WARN 15536 --- [backend-server] [main] JpaBaseConfiguration$JpaWebConfiguration : spring.jpa.open-in-view is enabled by default. Therefore, database queries may be performed during view rendering. Explicitly configure spring.jpa.open-in-view to disable this warning
2025-07-27T17:11:20.868+05:30  INFO 15536 --- [backend-server] [main] o.s.b.w.embedded.tomcat.TomcatWebServer  : Tomcat started on port 8080 (http) with context path '/'
2025-07-27T17:11:20.879+05:30  INFO 15536 --- [backend-server] [main] com.sb.main.BackendServerApplication     : Started BackendServerApplication in 7.704 seconds (process running for 8.248)
2025-07-27T17:11:40.449+05:30  INFO 15536 --- [backend-server] [http-nio-8080-exec-1] o.a.c.c.C.[Tomcat].[localhost].[/]       : Initializing Spring DispatcherServlet 'dispatcherServlet'
2025-07-27T17:11:40.450+05:30  INFO 15536 --- [backend-server] [http-nio-8080-exec-1] o.s.web.servlet.DispatcherServlet        : Initializing Servlet 'dispatcherServlet'
2025-07-27T17:11:40.452+05:30  INFO 15536 --- [backend-server] [http-nio-8080-exec-1] o.s.web.servlet.DispatcherServlet        : Completed initialization in 1 ms
2025-07-27T17:11:48.334+05:30  INFO 15536 --- [backend-server] [SpringApplicationShutdownHook] o.s.b.w.e.tomcat.GracefulShutdown        : Commencing graceful shutdown. Waiting for active requests to complete
2025-07-27T17:11:48.341+05:30  INFO 15536 --- [backend-server] [tomcat-shutdown] o.s.b.w.e.tomcat.GracefulShutdown        : Graceful shutdown complete
2025-07-27T17:11:48.346+05:30  INFO 15536 --- [backend-server] [SpringApplicationShutdownHook] j.LocalContainerEntityManagerFactoryBean : Closing JPA EntityManagerFactory for persistence unit 'default'
2025-07-27T17:11:48.349+05:30  INFO 15536 --- [backend-server] [SpringApplicationShutdownHook] com.zaxxer.hikari.HikariDataSource       : HikariPool-1 - Shutdown initiated...
2025-07-27T17:11:48.361+05:30  INFO 15536 --- [backend-server] [SpringApplicationShutdownHook] com.zaxxer.hikari.HikariDataSource       : HikariPool-1 - Shutdown completed.
2025-07-27T18:10:01.322+05:30  INFO 21060 --- [backend-server] [main] com.sb.main.BackendServerApplication     : Starting BackendServerApplication using Java 21.0.4 with PID 21060 (C:\Users\new\Downloads\ecomm-app\backend-server\target\classes started by new in C:\Users\new\Downloads\ecomm-app\backend-server)
2025-07-27T18:10:01.328+05:30  INFO 21060 --- [backend-server] [main] com.sb.main.BackendServerApplication     : No active profile set, falling back to 1 default profile: "default"
2025-07-27T18:10:03.539+05:30  INFO 21060 --- [backend-server] [main] .s.d.r.c.RepositoryConfigurationDelegate : Bootstrapping Spring Data JPA repositories in DEFAULT mode.
2025-07-27T18:10:03.768+05:30  INFO 21060 --- [backend-server] [main] .s.d.r.c.RepositoryConfigurationDelegate : Finished Spring Data repository scanning in 207 ms. Found 8 JPA repository interfaces.
2025-07-27T18:10:05.494+05:30  INFO 21060 --- [backend-server] [main] o.s.b.w.embedded.tomcat.TomcatWebServer  : Tomcat initialized with port 8080 (http)
2025-07-27T18:10:05.538+05:30  INFO 21060 --- [backend-server] [main] o.apache.catalina.core.StandardService   : Starting service [Tomcat]
2025-07-27T18:10:05.538+05:30  INFO 21060 --- [backend-server] [main] o.apache.catalina.core.StandardEngine    : Starting Servlet engine: [Apache Tomcat/10.1.43]
2025-07-27T18:10:05.673+05:30  INFO 21060 --- [backend-server] [main] o.a.c.c.C.[Tomcat].[localhost].[/]       : Initializing Spring embedded WebApplicationContext
2025-07-27T18:10:05.674+05:30  INFO 21060 --- [backend-server] [main] w.s.c.ServletWebServerApplicationContext : Root WebApplicationContext: initialization completed in 4242 ms
2025-07-27T18:10:06.124+05:30  INFO 21060 --- [backend-server] [main] o.hibernate.jpa.internal.util.LogHelper  : HHH000204: Processing PersistenceUnitInfo [name: default]
2025-07-27T18:10:06.277+05:30  INFO 21060 --- [backend-server] [main] org.hibernate.Version                    : HHH000412: Hibernate ORM core version 6.6.22.Final
2025-07-27T18:10:06.339+05:30  INFO 21060 --- [backend-server] [main] o.h.c.internal.RegionFactoryInitiator    : HHH000026: Second-level cache disabled
2025-07-27T18:10:06.915+05:30  INFO 21060 --- [backend-server] [main] o.s.o.j.p.SpringPersistenceUnitInfo      : No LoadTimeWeaver setup: ignoring JPA class transformer
2025-07-27T18:10:06.974+05:30  INFO 21060 --- [backend-server] [main] com.zaxxer.hikari.HikariDataSource       : HikariPool-1 - Starting...
2025-07-27T18:10:08.203+05:30  INFO 21060 --- [backend-server] [main] com.zaxxer.hikari.pool.HikariPool        : HikariPool-1 - Added connection com.mysql.cj.jdbc.ConnectionImpl@194037f9
2025-07-27T18:10:08.212+05:30  INFO 21060 --- [backend-server] [main] com.zaxxer.hikari.HikariDataSource       : HikariPool-1 - Start completed.
2025-07-27T18:10:08.412+05:30  WARN 21060 --- [backend-server] [main] org.hibernate.orm.deprecation            : HHH90000025: MySQLDialect does not need to be specified explicitly using 'hibernate.dialect' (remove the property setting and it will be selected by default)
2025-07-27T18:10:08.481+05:30  INFO 21060 --- [backend-server] [main] org.hibernate.orm.connections.pooling    : HHH10001005: Database info:
	Database JDBC URL [Connecting through datasource 'HikariDataSource (HikariPool-1)']
	Database driver: undefined/unknown
	Database version: 8.0.33
	Autocommit mode: undefined/unknown
	Isolation level: undefined/unknown
	Minimum pool size: undefined/unknown
	Maximum pool size: undefined/unknown
2025-07-27T18:10:09.183+05:30  INFO 19396 --- [backend-server] [main] com.sb.main.BackendServerApplication     : Starting BackendServerApplication using Java 21.0.4 with PID 19396 (C:\Users\new\Downloads\ecomm-app\backend-server\target\classes started by new in C:\Users\new\Downloads\ecomm-app\backend-server)
2025-07-27T18:10:09.187+05:30  INFO 19396 --- [backend-server] [main] com.sb.main.BackendServerApplication     : No active profile set, falling back to 1 default profile: "default"
2025-07-27T18:10:11.100+05:30  INFO 19396 --- [backend-server] [main] .s.d.r.c.RepositoryConfigurationDelegate : Bootstrapping Spring Data JPA repositories in DEFAULT mode.
2025-07-27T18:10:11.300+05:30  INFO 19396 --- [backend-server] [main] .s.d.r.c.RepositoryConfigurationDelegate : Finished Spring Data repository scanning in 179 ms. Found 8 JPA repository interfaces.
2025-07-27T18:10:11.827+05:30  INFO 21060 --- [backend-server] [main] o.h.e.t.j.p.i.JtaPlatformInitiator       : HHH000489: No JTA platform available (set 'hibernate.transaction.jta.platform' to enable JTA platform integration)
2025-07-27T18:10:12.126+05:30  INFO 19396 --- [backend-server] [main] o.s.b.w.embedded.tomcat.TomcatWebServer  : Tomcat initialized with port 8080 (http)
2025-07-27T18:10:12.153+05:30  INFO 19396 --- [backend-server] [main] o.apache.catalina.core.StandardService   : Starting service [Tomcat]
2025-07-27T18:10:12.155+05:30  INFO 19396 --- [backend-server] [main] o.apache.catalina.core.StandardEngine    : Starting Servlet engine: [Apache Tomcat/10.1.43]
2025-07-27T18:10:12.283+05:30  INFO 19396 --- [backend-server] [main] o.a.c.c.C.[Tomcat].[localhost].[/]       : Initializing Spring embedded WebApplicationContext
2025-07-27T18:10:12.284+05:30  INFO 19396 --- [backend-server] [main] w.s.c.ServletWebServerApplicationContext : Root WebApplicationContext: initialization completed in 3007 ms
2025-07-27T18:10:12.593+05:30  INFO 19396 --- [backend-server] [main] o.hibernate.jpa.internal.util.LogHelper  : HHH000204: Processing PersistenceUnitInfo [name: default]
2025-07-27T18:10:12.686+05:30  INFO 19396 --- [backend-server] [main] org.hibernate.Version                    : HHH000412: Hibernate ORM core version 6.6.22.Final
2025-07-27T18:10:12.750+05:30  INFO 19396 --- [backend-server] [main] o.h.c.internal.RegionFactoryInitiator    : HHH000026: Second-level cache disabled
2025-07-27T18:10:13.265+05:30  INFO 19396 --- [backend-server] [main] o.s.o.j.p.SpringPersistenceUnitInfo      : No LoadTimeWeaver setup: ignoring JPA class transformer
2025-07-27T18:10:13.311+05:30  INFO 19396 --- [backend-server] [main] com.zaxxer.hikari.HikariDataSource       : HikariPool-1 - Starting...
2025-07-27T18:10:13.914+05:30  INFO 19396 --- [backend-server] [main] com.zaxxer.hikari.pool.HikariPool        : HikariPool-1 - Added connection com.mysql.cj.jdbc.ConnectionImpl@19647566
2025-07-27T18:10:13.918+05:30  INFO 19396 --- [backend-server] [main] com.zaxxer.hikari.HikariDataSource       : HikariPool-1 - Start completed.
2025-07-27T18:10:14.005+05:30  WARN 19396 --- [backend-server] [main] org.hibernate.orm.deprecation            : HHH90000025: MySQLDialect does not need to be specified explicitly using 'hibernate.dialect' (remove the property setting and it will be selected by default)
2025-07-27T18:10:14.030+05:30  INFO 19396 --- [backend-server] [main] org.hibernate.orm.connections.pooling    : HHH10001005: Database info:
	Database JDBC URL [Connecting through datasource 'HikariDataSource (HikariPool-1)']
	Database driver: undefined/unknown
	Database version: 8.0.33
	Autocommit mode: undefined/unknown
	Isolation level: undefined/unknown
	Minimum pool size: undefined/unknown
	Maximum pool size: undefined/unknown
2025-07-27T18:10:14.996+05:30  INFO 21060 --- [backend-server] [main] j.LocalContainerEntityManagerFactoryBean : Initialized JPA EntityManagerFactory for persistence unit 'default'
2025-07-27T18:10:16.064+05:30  INFO 21060 --- [backend-server] [main] o.s.d.j.r.query.QueryEnhancerFactory     : Hibernate is in classpath; If applicable, HQL parser will be used.
2025-07-27T18:10:16.484+05:30  INFO 19396 --- [backend-server] [main] o.h.e.t.j.p.i.JtaPlatformInitiator       : HHH000489: No JTA platform available (set 'hibernate.transaction.jta.platform' to enable JTA platform integration)
2025-07-27T18:10:16.994+05:30  INFO 19396 --- [backend-server] [main] j.LocalContainerEntityManagerFactoryBean : Initialized JPA EntityManagerFactory for persistence unit 'default'
2025-07-27T18:10:18.153+05:30  INFO 19396 --- [backend-server] [main] o.s.d.j.r.query.QueryEnhancerFactory     : Hibernate is in classpath; If applicable, HQL parser will be used.
2025-07-27T18:10:21.323+05:30  WARN 21060 --- [backend-server] [main] JpaBaseConfiguration$JpaWebConfiguration : spring.jpa.open-in-view is enabled by default. Therefore, database queries may be performed during view rendering. Explicitly configure spring.jpa.open-in-view to disable this warning
2025-07-27T18:10:23.361+05:30  WARN 19396 --- [backend-server] [main] JpaBaseConfiguration$JpaWebConfiguration : spring.jpa.open-in-view is enabled by default. Therefore, database queries may be performed during view rendering. Explicitly configure spring.jpa.open-in-view to disable this warning
2025-07-27T18:10:23.687+05:30  INFO 21060 --- [backend-server] [main] o.s.b.w.embedded.tomcat.TomcatWebServer  : Tomcat started on port 8080 (http) with context path '/'
2025-07-27T18:10:23.735+05:30  INFO 21060 --- [backend-server] [main] com.sb.main.BackendServerApplication     : Started BackendServerApplication in 23.388 seconds (process running for 24.363)
2025-07-27T18:10:25.073+05:30  WARN 19396 --- [backend-server] [main] ConfigServletWebServerApplicationContext : Exception encountered during context initialization - cancelling refresh attempt: org.springframework.context.ApplicationContextException: Failed to start bean 'webServerStartStop'
2025-07-27T18:10:25.081+05:30  INFO 19396 --- [backend-server] [main] j.LocalContainerEntityManagerFactoryBean : Closing JPA EntityManagerFactory for persistence unit 'default'
2025-07-27T18:10:25.088+05:30  INFO 19396 --- [backend-server] [main] com.zaxxer.hikari.HikariDataSource       : HikariPool-1 - Shutdown initiated...
2025-07-27T18:10:25.115+05:30  INFO 19396 --- [backend-server] [main] com.zaxxer.hikari.HikariDataSource       : HikariPool-1 - Shutdown completed.
2025-07-27T18:10:25.164+05:30  INFO 19396 --- [backend-server] [main] .s.b.a.l.ConditionEvaluationReportLogger : 

Error starting ApplicationContext. To display the condition evaluation report re-run your application with 'debug' enabled.
2025-07-27T18:10:25.250+05:30 ERROR 19396 --- [backend-server] [main] o.s.b.d.LoggingFailureAnalysisReporter   : 

***************************
APPLICATION FAILED TO START
***************************

Description:

Web server failed to start. Port 8080 was already in use.

Action:

Identify and stop the process that's listening on port 8080 or configure this application to listen on another port.

2025-07-27T18:15:58.511+05:30  INFO 21060 --- [backend-server] [SpringApplicationShutdownHook] o.s.b.w.e.tomcat.GracefulShutdown        : Commencing graceful shutdown. Waiting for active requests to complete
2025-07-27T18:15:58.541+05:30  INFO 21060 --- [backend-server] [tomcat-shutdown] o.s.b.w.e.tomcat.GracefulShutdown        : Graceful shutdown complete
2025-07-27T18:15:58.555+05:30  INFO 21060 --- [backend-server] [SpringApplicationShutdownHook] j.LocalContainerEntityManagerFactoryBean : Closing JPA EntityManagerFactory for persistence unit 'default'
2025-07-27T18:15:58.567+05:30  INFO 21060 --- [backend-server] [SpringApplicationShutdownHook] com.zaxxer.hikari.HikariDataSource       : HikariPool-1 - Shutdown initiated...
2025-07-27T18:15:58.597+05:30  INFO 21060 --- [backend-server] [SpringApplicationShutdownHook] com.zaxxer.hikari.HikariDataSource       : HikariPool-1 - Shutdown completed.
2025-07-27T18:17:26.424+05:30  INFO 4024 --- [backend-server] [main] com.sb.main.BackendServerApplication     : Starting BackendServerApplication using Java 21.0.4 with PID 4024 (C:\Users\new\Downloads\ecomm-app\backend-server\target\classes started by new in C:\Users\new\Downloads\ecomm-app\backend-server)
2025-07-27T18:17:26.427+05:30  INFO 4024 --- [backend-server] [main] com.sb.main.BackendServerApplication     : No active profile set, falling back to 1 default profile: "default"
2025-07-27T18:17:28.213+05:30  INFO 4024 --- [backend-server] [main] .s.d.r.c.RepositoryConfigurationDelegate : Bootstrapping Spring Data JPA repositories in DEFAULT mode.
2025-07-27T18:17:28.372+05:30  INFO 4024 --- [backend-server] [main] .s.d.r.c.RepositoryConfigurationDelegate : Finished Spring Data repository scanning in 138 ms. Found 8 JPA repository interfaces.
2025-07-27T18:17:29.595+05:30  INFO 4024 --- [backend-server] [main] o.s.b.w.embedded.tomcat.TomcatWebServer  : Tomcat initialized with port 8080 (http)
2025-07-27T18:17:29.628+05:30  INFO 4024 --- [backend-server] [main] o.apache.catalina.core.StandardService   : Starting service [Tomcat]
2025-07-27T18:17:29.629+05:30  INFO 4024 --- [backend-server] [main] o.apache.catalina.core.StandardEngine    : Starting Servlet engine: [Apache Tomcat/10.1.43]
2025-07-27T18:17:29.817+05:30  INFO 4024 --- [backend-server] [main] o.a.c.c.C.[Tomcat].[localhost].[/]       : Initializing Spring embedded WebApplicationContext
2025-07-27T18:17:29.818+05:30  INFO 4024 --- [backend-server] [main] w.s.c.ServletWebServerApplicationContext : Root WebApplicationContext: initialization completed in 3299 ms
2025-07-27T18:17:30.171+05:30  INFO 4024 --- [backend-server] [main] o.hibernate.jpa.internal.util.LogHelper  : HHH000204: Processing PersistenceUnitInfo [name: default]
2025-07-27T18:17:30.301+05:30  INFO 4024 --- [backend-server] [main] org.hibernate.Version                    : HHH000412: Hibernate ORM core version 6.6.22.Final
2025-07-27T18:17:30.374+05:30  INFO 4024 --- [backend-server] [main] o.h.c.internal.RegionFactoryInitiator    : HHH000026: Second-level cache disabled
2025-07-27T18:17:30.978+05:30  INFO 4024 --- [backend-server] [main] o.s.o.j.p.SpringPersistenceUnitInfo      : No LoadTimeWeaver setup: ignoring JPA class transformer
2025-07-27T18:17:31.048+05:30  INFO 4024 --- [backend-server] [main] com.zaxxer.hikari.HikariDataSource       : HikariPool-1 - Starting...
2025-07-27T18:17:31.649+05:30  INFO 4024 --- [backend-server] [main] com.zaxxer.hikari.pool.HikariPool        : HikariPool-1 - Added connection com.mysql.cj.jdbc.ConnectionImpl@273293c8
2025-07-27T18:17:31.652+05:30  INFO 4024 --- [backend-server] [main] com.zaxxer.hikari.HikariDataSource       : HikariPool-1 - Start completed.
2025-07-27T18:17:31.745+05:30  WARN 4024 --- [backend-server] [main] org.hibernate.orm.deprecation            : HHH90000025: MySQLDialect does not need to be specified explicitly using 'hibernate.dialect' (remove the property setting and it will be selected by default)
2025-07-27T18:17:31.777+05:30  INFO 4024 --- [backend-server] [main] org.hibernate.orm.connections.pooling    : HHH10001005: Database info:
	Database JDBC URL [Connecting through datasource 'HikariDataSource (HikariPool-1)']
	Database driver: undefined/unknown
	Database version: 8.0.33
	Autocommit mode: undefined/unknown
	Isolation level: undefined/unknown
	Minimum pool size: undefined/unknown
	Maximum pool size: undefined/unknown
2025-07-27T18:17:33.354+05:30  INFO 4024 --- [backend-server] [main] o.h.e.t.j.p.i.JtaPlatformInitiator       : HHH000489: No JTA platform available (set 'hibernate.transaction.jta.platform' to enable JTA platform integration)
2025-07-27T18:17:35.043+05:30  INFO 4024 --- [backend-server] [main] j.LocalContainerEntityManagerFactoryBean : Initialized JPA EntityManagerFactory for persistence unit 'default'
2025-07-27T18:17:35.562+05:30  INFO 4024 --- [backend-server] [main] o.s.d.j.r.query.QueryEnhancerFactory     : Hibernate is in classpath; If applicable, HQL parser will be used.
2025-07-27T18:17:37.117+05:30  WARN 4024 --- [backend-server] [main] JpaBaseConfiguration$JpaWebConfiguration : spring.jpa.open-in-view is enabled by default. Therefore, database queries may be performed during view rendering. Explicitly configure spring.jpa.open-in-view to disable this warning
2025-07-27T18:17:38.081+05:30  INFO 4024 --- [backend-server] [main] o.s.b.w.embedded.tomcat.TomcatWebServer  : Tomcat started on port 8080 (http) with context path '/'
2025-07-27T18:17:38.097+05:30  INFO 4024 --- [backend-server] [main] com.sb.main.BackendServerApplication     : Started BackendServerApplication in 12.705 seconds (process running for 13.482)
2025-07-27T18:18:04.852+05:30  INFO 4024 --- [backend-server] [SpringApplicationShutdownHook] o.s.b.w.e.tomcat.GracefulShutdown        : Commencing graceful shutdown. Waiting for active requests to complete
2025-07-27T18:18:04.882+05:30  INFO 4024 --- [backend-server] [tomcat-shutdown] o.s.b.w.e.tomcat.GracefulShutdown        : Graceful shutdown complete
2025-07-27T18:18:04.896+05:30  INFO 4024 --- [backend-server] [SpringApplicationShutdownHook] j.LocalContainerEntityManagerFactoryBean : Closing JPA EntityManagerFactory for persistence unit 'default'
2025-07-27T18:18:04.904+05:30  INFO 4024 --- [backend-server] [SpringApplicationShutdownHook] com.zaxxer.hikari.HikariDataSource       : HikariPool-1 - Shutdown initiated...
2025-07-27T18:18:04.932+05:30  INFO 4024 --- [backend-server] [SpringApplicationShutdownHook] com.zaxxer.hikari.HikariDataSource       : HikariPool-1 - Shutdown completed.
